Sat Oct 31 2020 03:22:12 GMT+0530 (India Standard Time) - GET - / 
Sat Oct 31 2020 03:22:13 GMT+0530 (India Standard Time) - GET - /favicon.ico 
Sat Oct 31 2020 03:22:51 GMT+0530 (India Standard Time) - GET - /coaches/all 
Sat Oct 31 2020 03:24:55 GMT+0530 (India Standard Time) - GET - /coaches/1234 
Sat Oct 31 2020 03:25:09 GMT+0530 (India Standard Time) - GET - /Coaches/all 
Sat Oct 31 2020 03:26:31 GMT+0530 (India Standard Time) - GET - /coaches/all 
Sat Oct 31 2020 03:47:43 GMT+0530 (India Standard Time) - POST - /register 
Sat Oct 31 2020 03:49:09 GMT+0530 (India Standard Time) - POST - /register 
Sat Oct 31 2020 03:49:51 GMT+0530 (India Standard Time) - POST - /users 
Sat Oct 31 2020 03:51:10 GMT+0530 (India Standard Time) - POST - /users 
Sat Oct 31 2020 03:54:13 GMT+0530 (India Standard Time) - POST - /users 
Sat Oct 31 2020 03:54:52 GMT+0530 (India Standard Time) - POST - /users 
Sat Oct 31 2020 03:57:54 GMT+0530 (India Standard Time) - POST - /users 
Sat Oct 31 2020 03:59:59 GMT+0530 (India Standard Time) - POST - /users 
Sat Oct 31 2020 04:01:32 GMT+0530 (India Standard Time) - POST - /users 
Sat Oct 31 2020 04:02:15 GMT+0530 (India Standard Time) - POST - /users 
Sat Oct 31 2020 04:09:05 GMT+0530 (India Standard Time) - POST - /users 
Sat Oct 31 2020 04:11:08 GMT+0530 (India Standard Time) - POST - /users 
Sat Oct 31 2020 04:12:27 GMT+0530 (India Standard Time) - POST - /users 
Sat Oct 31 2020 04:16:22 GMT+0530 (India Standard Time) - POST - /users 
Sat Oct 31 2020 04:17:29 GMT+0530 (India Standard Time) - POST - /users 
Sat Oct 31 2020 04:18:54 GMT+0530 (India Standard Time) - POST - /users 
Sat Oct 31 2020 04:19:44 GMT+0530 (India Standard Time) - POST - /users 
Sat Oct 31 2020 04:20:11 GMT+0530 (India Standard Time) - POST - /users 
Sat Oct 31 2020 04:21:48 GMT+0530 (India Standard Time) - POST - /users 
Sat Oct 31 2020 04:24:07 GMT+0530 (India Standard Time) - POST - /users 
Sat Oct 31 2020 04:45:04 GMT+0530 (India Standard Time) - POST - /users 
Sat Oct 31 2020 05:10:38 GMT+0530 (India Standard Time) - POST - /users 
Sat Oct 31 2020 05:13:24 GMT+0530 (India Standard Time) - POST - /users 
Sat Oct 31 2020 11:38:56 GMT+0530 (India Standard Time) - POST - /users 
Sat Oct 31 2020 12:15:36 GMT+0530 (India Standard Time) - POST - /users 
Sat Oct 31 2020 12:17:34 GMT+0530 (India Standard Time) - POST - /users 
Sat Oct 31 2020 12:19:55 GMT+0530 (India Standard Time) - POST - /users 
Sat Oct 31 2020 12:22:43 GMT+0530 (India Standard Time) - POST - /users 
Sat Oct 31 2020 12:22:59 GMT+0530 (India Standard Time) - POST - /users 
Sat Oct 31 2020 12:27:38 GMT+0530 (India Standard Time) - POST - /users 
Sat Oct 31 2020 12:34:47 GMT+0530 (India Standard Time) - POST - /users 
Sat Oct 31 2020 12:35:17 GMT+0530 (India Standard Time) - POST - /users 
Sat Oct 31 2020 16:01:55 GMT+0530 (India Standard Time) - POST - /users 
Sat Oct 31 2020 16:04:55 GMT+0530 (India Standard Time) - POST - /users 
Sat Oct 31 2020 16:10:17 GMT+0530 (India Standard Time) - POST - /users 
Sat Oct 31 2020 16:10:54 GMT+0530 (India Standard Time) - POST - /users 
Sat Oct 31 2020 17:01:13 GMT+0530 (India Standard Time) - POST - /users 
Sat Oct 31 2020 17:02:11 GMT+0530 (India Standard Time) - POST - /users 
Sat Oct 31 2020 17:03:02 GMT+0530 (India Standard Time) - POST - /users 
Sat Oct 31 2020 17:03:36 GMT+0530 (India Standard Time) - POST - /users 
Sat Oct 31 2020 17:04:10 GMT+0530 (India Standard Time) - POST - /users 
Sat Oct 31 2020 17:06:11 GMT+0530 (India Standard Time) - POST - /users 
Sat Oct 31 2020 17:08:04 GMT+0530 (India Standard Time) - POST - /users 
Sat Oct 31 2020 17:08:28 GMT+0530 (India Standard Time) - POST - /users 
Sat Oct 31 2020 17:10:13 GMT+0530 (India Standard Time) - POST - /users 
Sat Oct 31 2020 17:10:30 GMT+0530 (India Standard Time) - POST - /users 
Sat Oct 31 2020 17:15:03 GMT+0530 (India Standard Time) - POST - /users 
Sat Oct 31 2020 17:15:37 GMT+0530 (India Standard Time) - POST - /users 
Sat Oct 31 2020 17:16:03 GMT+0530 (India Standard Time) - POST - /users 
Sat Oct 31 2020 17:16:17 GMT+0530 (India Standard Time) - POST - /users 
Sat Oct 31 2020 18:46:33 GMT+0530 (India Standard Time) - POST - /coaches 
Sat Oct 31 2020 18:47:45 GMT+0530 (India Standard Time) - POST - /coaches 
Sat Oct 31 2020 18:48:05 GMT+0530 (India Standard Time) - POST - /coaches 
Sat Oct 31 2020 18:51:29 GMT+0530 (India Standard Time) - POST - /coaches 
Sat Oct 31 2020 18:52:05 GMT+0530 (India Standard Time) - POST - /coaches 
Sat Oct 31 2020 19:11:59 GMT+0530 (India Standard Time) - POST - /UI-0001/CI-0003 
Sat Oct 31 2020 19:15:40 GMT+0530 (India Standard Time) - POST - /users/booking/UI-0001/CI-0003 
Sat Oct 31 2020 19:16:03 GMT+0530 (India Standard Time) - POST - /users/booking/UI-0001/CI-0003 
Sat Oct 31 2020 19:16:18 GMT+0530 (India Standard Time) - POST - /users/booking/UI-0001/CI-0003 
Sat Oct 31 2020 19:16:55 GMT+0530 (India Standard Time) - POST - /users/booking/UI-0001/CI-0003 
Sat Oct 31 2020 20:37:38 GMT+0530 (India Standard Time) - GET - /coaches/all 
Sat Oct 31 2020 20:39:16 GMT+0530 (India Standard Time) - GET - /coaches/all 
Sat Oct 31 2020 20:40:28 GMT+0530 (India Standard Time) - GET - /coaches/all 
Sat Oct 31 2020 20:41:08 GMT+0530 (India Standard Time) - GET - /coaches/all 
Sat Oct 31 2020 20:42:01 GMT+0530 (India Standard Time) - GET - /coaches/all 
Sat Oct 31 2020 20:43:49 GMT+0530 (India Standard Time) - GET - /coaches/CI-0002 
Sat Oct 31 2020 20:44:01 GMT+0530 (India Standard Time) - GET - /coaches/UI-0001 
Sat Oct 31 2020 20:44:07 GMT+0530 (India Standard Time) - GET - /users/UI-0001 
Sat Oct 31 2020 20:44:11 GMT+0530 (India Standard Time) - GET - /user/UI-0001 
Sat Oct 31 2020 20:44:32 GMT+0530 (India Standard Time) - GET - /users/UI-0001 
Sat Oct 31 2020 20:45:36 GMT+0530 (India Standard Time) - GET - /users/UI-0001 
Sat Oct 31 2020 20:46:26 GMT+0530 (India Standard Time) - GET - /users/UI-0001 
Sat Oct 31 2020 20:49:02 GMT+0530 (India Standard Time) - GET - /users/UI-0001 
Sat Oct 31 2020 20:51:15 GMT+0530 (India Standard Time) - GET - /users/UI-0001 
Sat Oct 31 2020 20:52:38 GMT+0530 (India Standard Time) - GET - /users/UI-0001 
Sat Oct 31 2020 23:19:27 GMT+0530 (India Standard Time) - GET - /users/UI-0001 
Sat Oct 31 2020 23:21:40 GMT+0530 (India Standard Time) - POST - /users 
Sat Oct 31 2020 23:22:30 GMT+0530 (India Standard Time) - POST - /users 
Sat Oct 31 2020 23:22:48 GMT+0530 (India Standard Time) - POST - /users 
Sat Oct 31 2020 23:22:59 GMT+0530 (India Standard Time) - POST - /users 
Sat Oct 31 2020 23:23:10 GMT+0530 (India Standard Time) - POST - /users 
Sat Oct 31 2020 23:23:58 GMT+0530 (India Standard Time) - POST - /users 
Sat Oct 31 2020 23:24:10 GMT+0530 (India Standard Time) - POST - /users 
Sat Oct 31 2020 23:24:31 GMT+0530 (India Standard Time) - GET - /users/UI-0002 
Sat Oct 31 2020 23:28:13 GMT+0530 (India Standard Time) - GET - /users/UI-0002 
Sat Oct 31 2020 23:28:20 GMT+0530 (India Standard Time) - GET - /users/UI-0002 
Sat Oct 31 2020 23:29:55 GMT+0530 (India Standard Time) - GET - /users/UI-0002 
Sat Oct 31 2020 23:57:01 GMT+0530 (India Standard Time) - POST - /booking/UI-0001/CI-0002 
Sat Oct 31 2020 23:57:54 GMT+0530 (India Standard Time) - POST - /users/booking/UI-0001/CI-0002 
Sat Oct 31 2020 23:58:28 GMT+0530 (India Standard Time) - POST - /users/booking/UI-0001/CI-0002 
Sat Oct 31 2020 23:58:39 GMT+0530 (India Standard Time) - POST - /users/booking/UI-0001/CI-0002 
Sun Nov 01 2020 00:01:33 GMT+0530 (India Standard Time) - POST - /users/booking/UI-0001/CI-0002 
Sun Nov 01 2020 00:01:51 GMT+0530 (India Standard Time) - POST - /users/booking/UI-0001/CI-0002 
Sun Nov 01 2020 00:02:16 GMT+0530 (India Standard Time) - POST - /users/booking/UI-0001/CI-0002 
Sun Nov 01 2020 00:02:37 GMT+0530 (India Standard Time) - POST - /users/booking/UI-0001/CI-0002 
Sun Nov 01 2020 00:03:17 GMT+0530 (India Standard Time) - POST - /users/booking/UI-0001/CI-0002 
Sun Nov 01 2020 00:03:53 GMT+0530 (India Standard Time) - POST - /users/booking/UI-0001/CI-0002 
Sun Nov 01 2020 00:04:47 GMT+0530 (India Standard Time) - POST - /users/booking/UI-0001/CI-0002 
Sun Nov 01 2020 00:53:37 GMT+0530 (India Standard Time) - POST - /users/booking/UI-0001/CI-0002 
Sun Nov 01 2020 01:01:19 GMT+0530 (India Standard Time) - POST - /users/booking/UI-0001/CI-0002 
Sun Nov 01 2020 01:04:41 GMT+0530 (India Standard Time) - POST - /users/booking/UI-0001/CI-0002 
Sun Nov 01 2020 01:07:16 GMT+0530 (India Standard Time) - POST - /users/booking/UI-0001/CI-0002 
Sun Nov 01 2020 01:07:50 GMT+0530 (India Standard Time) - POST - /users/booking/UI-0001/CI-0002 
Sun Nov 01 2020 01:08:27 GMT+0530 (India Standard Time) - POST - /users/booking/UI-0001/CI-0002 
Sun Nov 01 2020 01:08:58 GMT+0530 (India Standard Time) - POST - /users/booking/UI-0001/CI-0002 
Sun Nov 01 2020 01:14:03 GMT+0530 (India Standard Time) - POST - /users/booking/UI-0001/CI-0002 
Sun Nov 01 2020 01:17:40 GMT+0530 (India Standard Time) - POST - /users/booking/UI-0001/CI-0002 
Sun Nov 01 2020 01:18:44 GMT+0530 (India Standard Time) - POST - /users/booking/UI-0001/CI-0002 
Sun Nov 01 2020 01:19:32 GMT+0530 (India Standard Time) - POST - /users/booking/UI-0001/CI-0002 
Sun Nov 01 2020 01:21:21 GMT+0530 (India Standard Time) - POST - /users/booking/UI-0001/CI-0002 
Sun Nov 01 2020 01:22:05 GMT+0530 (India Standard Time) - POST - /users/booking/UI-0001/CI-0002 
Sun Nov 01 2020 01:32:24 GMT+0530 (India Standard Time) - GET - /user/UI-0001 
Sun Nov 01 2020 01:33:07 GMT+0530 (India Standard Time) - GET - /users/UI-0001 
Sun Nov 01 2020 01:40:29 GMT+0530 (India Standard Time) - POST - /users/login 
Sun Nov 01 2020 01:42:36 GMT+0530 (India Standard Time) - POST - /users/login 
Sun Nov 01 2020 01:43:33 GMT+0530 (India Standard Time) - POST - /users/login 
Sun Nov 01 2020 01:47:04 GMT+0530 (India Standard Time) - POST - /users/login 
Sun Nov 01 2020 01:47:59 GMT+0530 (India Standard Time) - POST - /users/login 
Sun Nov 01 2020 01:48:53 GMT+0530 (India Standard Time) - POST - /users/login 
Sun Nov 01 2020 01:49:38 GMT+0530 (India Standard Time) - POST - /users/login 
Sun Nov 01 2020 01:50:06 GMT+0530 (India Standard Time) - POST - /users/login 
Sun Nov 01 2020 01:50:44 GMT+0530 (India Standard Time) - POST - /users/login 
Sun Nov 01 2020 01:51:02 GMT+0530 (India Standard Time) - POST - /users/login 
Sun Nov 01 2020 01:51:50 GMT+0530 (India Standard Time) - POST - /users/login 
Sun Nov 01 2020 01:55:24 GMT+0530 (India Standard Time) - POST - /coaches/login 
Sun Nov 01 2020 01:56:52 GMT+0530 (India Standard Time) - POST - /coaches/login 
Sun Nov 01 2020 01:58:30 GMT+0530 (India Standard Time) - POST - /coaches/login 
Sun Nov 01 2020 01:59:01 GMT+0530 (India Standard Time) - POST - /coaches/login 
Sun Nov 01 2020 02:01:26 GMT+0530 (India Standard Time) - GET - /Coaches/booking/ 
Sun Nov 01 2020 02:01:38 GMT+0530 (India Standard Time) - GET - /Coaches/booking/CI-0002 
Sun Nov 01 2020 02:01:58 GMT+0530 (India Standard Time) - GET - /Users/booking/UI-0002 
Sun Nov 01 2020 02:16:18 GMT+0530 (India Standard Time) - POST - /users/booking/UI-0001/CI-0002 
Sun Nov 01 2020 02:19:06 GMT+0530 (India Standard Time) - POST - /users/booking/UI-0001/CI-0002 
Sun Nov 01 2020 02:20:53 GMT+0530 (India Standard Time) - POST - /users/booking/UI-0001/CI-0002 
Sun Nov 01 2020 02:22:48 GMT+0530 (India Standard Time) - POST - /users/booking/UI-0001/CI-0002 
Sun Nov 01 2020 02:24:49 GMT+0530 (India Standard Time) - POST - /users/booking/UI-0001/CI-0002 
Sun Nov 01 2020 02:25:56 GMT+0530 (India Standard Time) - POST - /users/booking/UI-0001/CI-0002 
Sun Nov 01 2020 02:26:05 GMT+0530 (India Standard Time) - POST - /users/booking/UI-0001/CI-0002 
Sun Nov 01 2020 02:28:04 GMT+0530 (India Standard Time) - POST - /users/booking/UI-0001/CI-0002 
Sun Nov 01 2020 02:28:50 GMT+0530 (India Standard Time) - POST - /users/booking/UI-0001/CI-0002 
Sun Nov 01 2020 02:31:00 GMT+0530 (India Standard Time) - POST - /users/booking/UI-0001/CI-0002 
Sun Nov 01 2020 02:34:26 GMT+0530 (India Standard Time) - POST - /users/booking/UI-0001/CI-0002 
Sun Nov 01 2020 02:34:51 GMT+0530 (India Standard Time) - POST - /users/booking/UI-0001/CI-0002 
Sun Nov 01 2020 02:35:01 GMT+0530 (India Standard Time) - POST - /users/booking/UI-0001/CI-0002 
Sun Nov 01 2020 02:36:54 GMT+0530 (India Standard Time) - POST - /users/booking/UI-0001/CI-0002 
Sun Nov 01 2020 02:37:26 GMT+0530 (India Standard Time) - POST - /users/booking/UI-0001/CI-0002 
Sun Nov 01 2020 02:37:51 GMT+0530 (India Standard Time) - POST - /users/booking/UI-0001/CI-0002 
Sun Nov 01 2020 02:39:10 GMT+0530 (India Standard Time) - POST - /users/booking/UI-0001/CI-0002 
Sun Nov 01 2020 02:41:36 GMT+0530 (India Standard Time) - POST - /users/booking/UI-0001/CI-0002 
Sun Nov 01 2020 02:41:48 GMT+0530 (India Standard Time) - POST - /users/booking/UI-0001/CI-0002 
Sun Nov 01 2020 02:47:04 GMT+0530 (India Standard Time) - POST - /users/booking/UI-0001/CI-0002 
Sun Nov 01 2020 02:49:59 GMT+0530 (India Standard Time) - POST - /users/booking/UI-0001/CI-0002 
Sun Nov 01 2020 02:59:32 GMT+0530 (India Standard Time) - POST - /users/booking/UI-0001/CI-0002 
Sun Nov 01 2020 02:59:55 GMT+0530 (India Standard Time) - POST - /users/booking/UI-0001/CI-0002 
Sun Nov 01 2020 03:00:13 GMT+0530 (India Standard Time) - POST - /users/booking/UI-0001/CI-0002 
Sun Nov 01 2020 03:01:29 GMT+0530 (India Standard Time) - POST - /users/booking/UI-0001/CI-0002 
Sun Nov 01 2020 03:01:33 GMT+0530 (India Standard Time) - POST - /users/booking/UI-0001/CI-0002 
Sun Nov 01 2020 03:02:24 GMT+0530 (India Standard Time) - POST - /users/booking/UI-0001/CI-0002 
Sun Nov 01 2020 03:05:32 GMT+0530 (India Standard Time) - POST - /booking/BI-0002 
Sun Nov 01 2020 03:21:02 GMT+0530 (India Standard Time) - PUT - /booking/BI-0002 
Sun Nov 01 2020 03:21:55 GMT+0530 (India Standard Time) - PUT - /booking/BI-0002 
Sun Nov 01 2020 03:24:11 GMT+0530 (India Standard Time) - PUT - /booking/BI-0002 
Sun Nov 01 2020 03:37:23 GMT+0530 (India Standard Time) - DELETE - /booking/BI-0003 
Sun Nov 01 2020 03:37:53 GMT+0530 (India Standard Time) - DELETE - /booking/BI-0004 
Sun Nov 01 2020 03:41:43 GMT+0530 (India Standard Time) - DELETE - /booking/BI-0004 
